<?xml version="1.0" encoding="UTF-8"?>
<testsuite xmlns:xsi="http://www.w3.org/2001/XMLSchema-instance" xsi:noNamespaceSchemaLocation="https://maven.apache.org/surefire/maven-surefire-plugin/xsd/surefire-test-report-3.0.xsd" version="3.0" name="TestSuite" time="2.749" tests="4" errors="0" skipped="3" failures="1">
  <properties>
[...]
</properties>
  <testcase name="beforeTest" classname="apidemoTest" time="1.191">
    <failure message="NodeJS is either not installed or its executable not present in PATH" type="io.appium.java_client.service.local.InvalidServerInstanceException"><![CDATA[io.appium.java_client.service.local.InvalidServerInstanceException: NodeJS is either not installed or its executable not present in PATH
	at apidemoTest.beforeTest(apidemoTest.java:18)
]]></failure>
  </testcase>
  <testcase name="apiDemoTest" classname="apidemoTest" time="0">
    <skipped message="NodeJS is either not installed or its executable not present in PATH"/>
  </testcase>
  <testcase name="apiDemoTest" classname="apidemoTest" time="0">
    <skipped message="NodeJS is either not installed or its executable not present in PATH"/>
  </testcase>
  <testcase name="afterTest" classname="apidemoTest" time="0">
    <skipped/>
  </testcase>
</testsuite>