<?xml version="1.0" encoding="UTF-8"?>
<testsuite xmlns:xsi="http://www.w3.org/2001/XMLSchema-instance" xsi:noNamespaceSchemaLocation="https://maven.apache.org/surefire/maven-surefire-plugin/xsd/surefire-test-report-3.0.xsd" version="3.0" name="TestSuite" time="1.177" tests="21" errors="0" skipped="0" failures="3">
  <properties>
[...]
</properties>
  <testcase name="carFailedTest" classname="carLoanTest" time="0.007">
    <failure message="expected [true] but found [false]" type="java.lang.AssertionError"><![CDATA[java.lang.AssertionError: expected [true] but found [false]
	at carLoanTest.carFailedTest(carLoanTest.java:126)
]]></failure>
    <system-out><![CDATA[Before Suite Loan
Before Test Car Loan Execute
Before Test Home Loan Execute
Before Test Personal Loan Execute
Before Car loan class
Before Each Test/Method Car Loan Execute
Test is Failll!!!! Oppsss....
]]></system-out>
  </testcase>
  <testcase name="carLoanLogin[firstusername, firstuserpassword](1)" classname="carLoanTest" time="0.009">
    <system-out><![CDATA[After Each Test/Method Car Loan Execute
Before Each Test/Method Car Loan Execute
Car Loan Login
firstusername
firstuserpassword
Test is success!!!! Great....
]]></system-out>
  </testcase>
  <testcase name="carLoanLogin[secondusername, seconduserpassword](2)" classname="carLoanTest" time="0.006">
    <system-out><![CDATA[After Each Test/Method Car Loan Execute
Before Each Test/Method Car Loan Execute
Car Loan Login
secondusername
seconduserpassword
Test is success!!!! Great....
]]></system-out>
  </testcase>
  <testcase name="carLoanLogin[thirdusername, thirduserpassword](3)" classname="carLoanTest" time="0.007">
    <system-out><![CDATA[After Each Test/Method Car Loan Execute
Before Each Test/Method Car Loan Execute
Car Loan Login
thirdusername
thirduserpassword
Test is success!!!! Great....
]]></system-out>
  </testcase>
  <testcase name="parameterCar[Loan parameter](1)" classname="carLoanTest" time="0.006">
    <system-out><![CDATA[After Each Test/Method Car Loan Execute
Before Each Test/Method Car Loan Execute
Car Loan Parameter passed is :Loan parameter
Test is success!!!! Great....
]]></system-out>
  </testcase>
  <testcase name="carLoanView" classname="carLoanTest" time="0.003">
    <system-out><![CDATA[After Each Test/Method Car Loan Execute
Before Each Test/Method Car Loan Execute
Car Loan View
Test is success!!!! Great....
]]></system-out>
  </testcase>
  <testcase name="carLoanSignout" classname="carLoanTest" time="0.006">
    <system-out><![CDATA[After Each Test/Method Car Loan Execute
Before Each Test/Method Car Loan Execute
Car Loan Signout
Test is success!!!! Great....
]]></system-out>
  </testcase>
  <testcase name="PersonalLoanLogin[firstusername, firstuserpassword](1)" classname="personalLoanTest" time="0.011">
    <system-out><![CDATA[After Each Test/Method Car Loan Execute
After Car loan class
Before Personal loan class
Before Each Test/Method Personal Loan Execute
Personal Loan Login
firstusername
firstuserpassword
Test is success!!!! Great....
]]></system-out>
  </testcase>
  <testcase name="PersonalLoanLogin[secondusername, seconduserpassword](2)" classname="personalLoanTest" time="0.018">
    <system-out><![CDATA[After Each Test/Method Personal Loan Execute
Before Each Test/Method Personal Loan Execute
Personal Loan Login
secondusername
seconduserpassword
Test is success!!!! Great....
]]></system-out>
  </testcase>
  <testcase name="PersonalLoanLogin[thirdusername, thirduserpassword](3)" classname="personalLoanTest" time="0.018">
    <system-out><![CDATA[After Each Test/Method Personal Loan Execute
Before Each Test/Method Personal Loan Execute
Personal Loan Login
thirdusername
thirduserpassword
Test is success!!!! Great....
]]></system-out>
  </testcase>
  <testcase name="parameterPersonal[Loan parameter](1)" classname="personalLoanTest" time="0.006">
    <system-out><![CDATA[After Each Test/Method Personal Loan Execute
Before Each Test/Method Personal Loan Execute
Personal Loan Parameter passed is :Loan parameter
Test is success!!!! Great....
]]></system-out>
  </testcase>
  <testcase name="personalFailedTest" classname="personalLoanTest" time="0.008">
    <failure message="expected [true] but found [false]" type="java.lang.AssertionError"><![CDATA[java.lang.AssertionError: expected [true] but found [false]
	at personalLoanTest.personalFailedTest(personalLoanTest.java:127)
]]></failure>
    <system-out><![CDATA[After Each Test/Method Personal Loan Execute
Before Each Test/Method Personal Loan Execute
Test is Failll!!!! Oppsss....
]]></system-out>
  </testcase>
  <testcase name="PersonalLoanView" classname="personalLoanTest" time="0.004">
    <system-out><![CDATA[After Each Test/Method Personal Loan Execute
Before Each Test/Method Personal Loan Execute
Personal Loan View
Test is success!!!! Great....
]]></system-out>
  </testcase>
  <testcase name="PersonalLoanSignout" classname="personalLoanTest" time="0.008">
    <system-out><![CDATA[After Each Test/Method Personal Loan Execute
Before Each Test/Method Personal Loan Execute
Personal Loan Signout
Test is success!!!! Great....
]]></system-out>
  </testcase>
  <testcase name="HomeFailedTest" classname="homeLoanTest" time="0.004">
    <failure message="expected [true] but found [false]" type="java.lang.AssertionError"><![CDATA[java.lang.AssertionError: expected [true] but found [false]
	at homeLoanTest.HomeFailedTest(homeLoanTest.java:124)
]]></failure>
    <system-out><![CDATA[After Each Test/Method Personal Loan Execute
After Personal loan class
Before Home loan class
Before Each Test/Method Home Loan Execute
Test is Failll!!!! Oppsss....
]]></system-out>
  </testcase>
  <testcase name="HomeLoanLogin[firstusername, firstuserpassword](1)" classname="homeLoanTest" time="0.012">
    <system-out><![CDATA[After Each Test/Method Home Loan Execute
Before Each Test/Method Home Loan Execute
Home Loan Login
firstusername
firstuserpassword
Test is success!!!! Great....
]]></system-out>
  </testcase>
  <testcase name="HomeLoanLogin[secondusername, seconduserpassword](2)" classname="homeLoanTest" time="0.008">
    <system-out><![CDATA[After Each Test/Method Home Loan Execute
Before Each Test/Method Home Loan Execute
Home Loan Login
secondusername
seconduserpassword
Test is success!!!! Great....
]]></system-out>
  </testcase>
  <testcase name="HomeLoanLogin[thirdusername, thirduserpassword](3)" classname="homeLoanTest" time="0.008">
    <system-out><![CDATA[After Each Test/Method Home Loan Execute
Before Each Test/Method Home Loan Execute
Home Loan Login
thirdusername
thirduserpassword
Test is success!!!! Great....
]]></system-out>
  </testcase>
  <testcase name="parameterHome[Loan parameter](1)" classname="homeLoanTest" time="0.009">
    <system-out><![CDATA[After Each Test/Method Home Loan Execute
Before Each Test/Method Home Loan Execute
Home Loan Parameter passed is :Loan parameter
Test is success!!!! Great....
]]></system-out>
  </testcase>
  <testcase name="HomeLoanView" classname="homeLoanTest" time="0.003">
    <system-out><![CDATA[After Each Test/Method Home Loan Execute
Before Each Test/Method Home Loan Execute
Home Loan View
Test is success!!!! Great....
]]></system-out>
  </testcase>
  <testcase name="HomeLoanSignout" classname="homeLoanTest" time="0.003">
    <system-out><![CDATA[After Each Test/Method Home Loan Execute
Before Each Test/Method Home Loan Execute
Home Loan Signout
Test is success!!!! Great....
]]></system-out>
  </testcase>
</testsuite>