<?xml version="1.0" encoding="UTF-8"?>
<testng-results ignored="0" total="21" passed="18" failed="3" skipped="0">
  <reporter-output>
  </reporter-output>
  <suite started-at="2020-12-23T17:11:43 IST" name="Suite" finished-at="2020-12-23T17:11:43 IST" duration-ms="178">
    <groups>
      <group name="Signin">
        <method signature="carLoanTest.carLoanLogin(java.lang.String, java.lang.String)[pri:0, instance:carLoanTest@475e586c]" name="carLoanLogin" class="carLoanTest"/>
        <method signature="homeLoanTest.HomeLoanLogin(java.lang.String, java.lang.String)[pri:0, instance:homeLoanTest@657c8ad9]" name="HomeLoanLogin" class="homeLoanTest"/>
        <method signature="personalLoanTest.PersonalLoanLogin(java.lang.String, java.lang.String)[pri:0, instance:personalLoanTest@6295d394]" name="PersonalLoanLogin" class="personalLoanTest"/>
      </group> <!-- Signin -->
    </groups>
    <test started-at="2020-12-23T17:11:43 IST" name="Test" finished-at="2020-12-23T17:11:43 IST" duration-ms="178">
      <class name="carLoanTest">
        <test-method is-config="true" signature="beforeTestCarLoan()[pri:0, instance:carLoanTest@475e586c]" started-at="2020-12-23T17:11:43 IST" name="beforeTestCarLoan" finished-at="2020-12-23T17:11:43 IST" duration-ms="1" status="PASS">
          <reporter-output>
          </reporter-output>
        </test-method> <!-- beforeTestCarLoan -->
        <test-method is-config="true" signature="beforeClassCarloan()[pri:0, instance:carLoanTest@475e586c]" started-at="2020-12-23T17:11:43 IST" name="beforeClassCarloan" finished-at="2020-12-23T17:11:43 IST" duration-ms="0" status="PASS">
          <reporter-output>
          </reporter-output>
        </test-method> <!-- beforeClassCarloan -->
        <test-method is-config="true" signature="beforeMethod()[pri:0, instance:carLoanTest@475e586c]" started-at="2020-12-23T17:11:43 IST" name="beforeMethod" finished-at="2020-12-23T17:11:43 IST" duration-ms="0" status="PASS">
          <reporter-output>
          </reporter-output>
        </test-method> <!-- beforeMethod -->
        <test-method signature="carFailedTest()[pri:0, instance:carLoanTest@475e586c]" started-at="2020-12-23T17:11:43 IST" name="carFailedTest" finished-at="2020-12-23T17:11:43 IST" duration-ms="6" status="FAIL">
          <exception class="java.lang.AssertionError">
            <message>
              <![CDATA[expected [true] but found [false]]]>
            </message>
            <full-stacktrace>
              <![CDATA[java.lang.AssertionError: expected [true] but found [false]
at org.testng.Assert.fail(Assert.java:97)
at org.testng.Assert.failNotEquals(Assert.java:969)
at org.testng.Assert.assertTrue(Assert.java:43)
at org.testng.Assert.assertTrue(Assert.java:53)
at carLoanTest.carFailedTest(carLoanTest.java:126)
at java.base/jdk.internal.reflect.NativeMethodAccessorImpl.invoke0(Native Method)
at java.base/jdk.internal.reflect.NativeMethodAccessorImpl.invoke(NativeMethodAccessorImpl.java:64)
at java.base/jdk.internal.reflect.DelegatingMethodAccessorImpl.invoke(DelegatingMethodAccessorImpl.java:43)
at java.base/java.lang.reflect.Method.invoke(Method.java:564)
at org.testng.internal.MethodInvocationHelper.invokeMethod(MethodInvocationHelper.java:134)
at org.testng.internal.TestInvoker.invokeMethod(TestInvoker.java:597)
at org.testng.internal.TestInvoker.invokeTestMethod(TestInvoker.java:173)
at org.testng.internal.MethodRunner.runInSequence(MethodRunner.java:46)
at org.testng.internal.TestInvoker$MethodInvocationAgent.invoke(TestInvoker.java:816)
at org.testng.internal.TestInvoker.invokeTestMethods(TestInvoker.java:146)
at org.testng.internal.TestMethodWorker.invokeTestMethods(TestMethodWorker.java:146)
at org.testng.internal.TestMethodWorker.run(TestMethodWorker.java:128)
at java.base/java.util.ArrayList.forEach(ArrayList.java:1511)
at org.testng.TestRunner.privateRun(TestRunner.java:766)
at org.testng.TestRunner.run(TestRunner.java:587)
at org.testng.SuiteRunner.runTest(SuiteRunner.java:384)
at org.testng.SuiteRunner.runSequentially(SuiteRunner.java:378)
at org.testng.SuiteRunner.privateRun(SuiteRunner.java:337)
at org.testng.SuiteRunner.run(SuiteRunner.java:286)
at org.testng.SuiteRunnerWorker.runSuite(SuiteRunnerWorker.java:53)
at org.testng.SuiteRunnerWorker.run(SuiteRunnerWorker.java:96)
at org.testng.TestNG.runSuitesSequentially(TestNG.java:1187)
at org.testng.TestNG.runSuitesLocally(TestNG.java:1109)
at org.testng.TestNG.runSuites(TestNG.java:1039)
at org.testng.TestNG.run(TestNG.java:1007)
at org.apache.maven.surefire.testng.TestNGExecutor.run(TestNGExecutor.java:284)
at org.apache.maven.surefire.testng.TestNGXmlTestSuite.execute(TestNGXmlTestSuite.java:75)
at org.apache.maven.surefire.testng.TestNGProvider.invoke(TestNGProvider.java:119)
at org.apache.maven.surefire.booter.ForkedBooter.runSuitesInProcess(ForkedBooter.java:428)
at org.apache.maven.surefire.booter.ForkedBooter.execute(ForkedBooter.java:162)
at org.apache.maven.surefire.booter.ForkedBooter.run(ForkedBooter.java:562)
at org.apache.maven.surefire.booter.ForkedBooter.main(ForkedBooter.java:548)
]]>
            </full-stacktrace>
          </exception> <!-- java.lang.AssertionError -->
          <reporter-output>
          </reporter-output>
        </test-method> <!-- carFailedTest -->
        <test-method is-config="true" signature="afterMethod()[pri:0, instance:carLoanTest@475e586c]" started-at="2020-12-23T17:11:43 IST" name="afterMethod" finished-at="2020-12-23T17:11:43 IST" duration-ms="3" status="PASS">
          <reporter-output>
          </reporter-output>
        </test-method> <!-- afterMethod -->
        <test-method is-config="true" signature="beforeMethod()[pri:0, instance:carLoanTest@475e586c]" started-at="2020-12-23T17:11:43 IST" name="beforeMethod" finished-at="2020-12-23T17:11:43 IST" duration-ms="0" status="PASS">
          <reporter-output>
          </reporter-output>
        </test-method> <!-- beforeMethod -->
        <test-method signature="carLoanLogin(java.lang.String, java.lang.String)[pri:0, instance:carLoanTest@475e586c]" started-at="2020-12-23T17:11:43 IST" name="carLoanLogin" data-provider="getData" finished-at="2020-12-23T17:11:43 IST" duration-ms="0" status="PASS">
          <params>
            <param index="0">
              <value>
                <![CDATA[firstusername]]>
              </value>
            </param>
            <param index="1">
              <value>
                <![CDATA[firstuserpassword]]>
              </value>
            </param>
          </params>
          <reporter-output>
          </reporter-output>
        </test-method> <!-- carLoanLogin -->
        <test-method is-config="true" signature="afterMethod()[pri:0, instance:carLoanTest@475e586c]" started-at="2020-12-23T17:11:43 IST" name="afterMethod" finished-at="2020-12-23T17:11:43 IST" duration-ms="1" status="PASS">
          <reporter-output>
          </reporter-output>
        </test-method> <!-- afterMethod -->
        <test-method signature="carLoanLogin(java.lang.String, java.lang.String)[pri:0, instance:carLoanTest@475e586c]" started-at="2020-12-23T17:11:43 IST" name="carLoanLogin" data-provider="getData" finished-at="2020-12-23T17:11:43 IST" duration-ms="1" status="PASS">
          <params>
            <param index="0">
              <value>
                <![CDATA[secondusername]]>
              </value>
            </param>
            <param index="1">
              <value>
                <![CDATA[seconduserpassword]]>
              </value>
            </param>
          </params>
          <reporter-output>
          </reporter-output>
        </test-method> <!-- carLoanLogin -->
        <test-method is-config="true" signature="beforeMethod()[pri:0, instance:carLoanTest@475e586c]" started-at="2020-12-23T17:11:43 IST" name="beforeMethod" finished-at="2020-12-23T17:11:43 IST" duration-ms="0" status="PASS">
          <reporter-output>
          </reporter-output>
        </test-method> <!-- beforeMethod -->
        <test-method is-config="true" signature="afterMethod()[pri:0, instance:carLoanTest@475e586c]" started-at="2020-12-23T17:11:43 IST" name="afterMethod" finished-at="2020-12-23T17:11:43 IST" duration-ms="1" status="PASS">
          <reporter-output>
          </reporter-output>
        </test-method> <!-- afterMethod -->
        <test-method is-config="true" signature="beforeMethod()[pri:0, instance:carLoanTest@475e586c]" started-at="2020-12-23T17:11:43 IST" name="beforeMethod" finished-at="2020-12-23T17:11:43 IST" duration-ms="0" status="PASS">
          <reporter-output>
          </reporter-output>
        </test-method> <!-- beforeMethod -->
        <test-method signature="carLoanLogin(java.lang.String, java.lang.String)[pri:0, instance:carLoanTest@475e586c]" started-at="2020-12-23T17:11:43 IST" name="carLoanLogin" data-provider="getData" finished-at="2020-12-23T17:11:43 IST" duration-ms="2" status="PASS">
          <params>
            <param index="0">
              <value>
                <![CDATA[thirdusername]]>
              </value>
            </param>
            <param index="1">
              <value>
                <![CDATA[thirduserpassword]]>
              </value>
            </param>
          </params>
          <reporter-output>
          </reporter-output>
        </test-method> <!-- carLoanLogin -->
        <test-method is-config="true" signature="afterMethod()[pri:0, instance:carLoanTest@475e586c]" started-at="2020-12-23T17:11:43 IST" name="afterMethod" finished-at="2020-12-23T17:11:43 IST" duration-ms="1" status="PASS">
          <reporter-output>
          </reporter-output>
        </test-method> <!-- afterMethod -->
        <test-method is-config="true" signature="beforeMethod()[pri:0, instance:carLoanTest@475e586c]" started-at="2020-12-23T17:11:43 IST" name="beforeMethod" finished-at="2020-12-23T17:11:43 IST" duration-ms="1" status="PASS">
          <reporter-output>
          </reporter-output>
        </test-method> <!-- beforeMethod -->
        <test-method signature="parameterCar(java.lang.String)[pri:0, instance:carLoanTest@475e586c]" started-at="2020-12-23T17:11:43 IST" name="parameterCar" finished-at="2020-12-23T17:11:43 IST" duration-ms="4" status="PASS">
          <params>
            <param index="0">
              <value>
                <![CDATA[Loan parameter]]>
              </value>
            </param>
          </params>
          <reporter-output>
          </reporter-output>
        </test-method> <!-- parameterCar -->
        <test-method is-config="true" signature="afterMethod()[pri:0, instance:carLoanTest@475e586c]" started-at="2020-12-23T17:11:43 IST" name="afterMethod" finished-at="2020-12-23T17:11:43 IST" duration-ms="1" status="PASS">
          <reporter-output>
          </reporter-output>
        </test-method> <!-- afterMethod -->
        <test-method is-config="true" signature="beforeMethod()[pri:0, instance:carLoanTest@475e586c]" started-at="2020-12-23T17:11:43 IST" name="beforeMethod" finished-at="2020-12-23T17:11:43 IST" duration-ms="1" status="PASS">
          <reporter-output>
          </reporter-output>
        </test-method> <!-- beforeMethod -->
        <test-method signature="carLoanView()[pri:0, instance:carLoanTest@475e586c]" started-at="2020-12-23T17:11:43 IST" name="carLoanView" finished-at="2020-12-23T17:11:43 IST" depends-on-methods="carLoanTest.carLoanLogin" duration-ms="0" status="PASS">
          <reporter-output>
          </reporter-output>
        </test-method> <!-- carLoanView -->
        <test-method is-config="true" signature="afterMethod()[pri:0, instance:carLoanTest@475e586c]" started-at="2020-12-23T17:11:43 IST" name="afterMethod" finished-at="2020-12-23T17:11:43 IST" duration-ms="0" status="PASS">
          <reporter-output>
          </reporter-output>
        </test-method> <!-- afterMethod -->
        <test-method is-config="true" signature="beforeMethod()[pri:0, instance:carLoanTest@475e586c]" started-at="2020-12-23T17:11:43 IST" name="beforeMethod" finished-at="2020-12-23T17:11:43 IST" duration-ms="1" status="PASS">
          <reporter-output>
          </reporter-output>
        </test-method> <!-- beforeMethod -->
        <test-method signature="carLoanSignout()[pri:0, instance:carLoanTest@475e586c]" started-at="2020-12-23T17:11:43 IST" name="carLoanSignout" finished-at="2020-12-23T17:11:43 IST" depends-on-methods="carLoanTest.carLoanView" duration-ms="0" status="PASS">
          <reporter-output>
          </reporter-output>
        </test-method> <!-- carLoanSignout -->
        <test-method is-config="true" signature="afterMethod()[pri:0, instance:carLoanTest@475e586c]" started-at="2020-12-23T17:11:43 IST" name="afterMethod" finished-at="2020-12-23T17:11:43 IST" duration-ms="0" status="PASS">
          <reporter-output>
          </reporter-output>
        </test-method> <!-- afterMethod -->
        <test-method is-config="true" signature="afterClassCarloan()[pri:0, instance:carLoanTest@475e586c]" started-at="2020-12-23T17:11:43 IST" name="afterClassCarloan" finished-at="2020-12-23T17:11:43 IST" duration-ms="0" status="PASS">
          <reporter-output>
          </reporter-output>
        </test-method> <!-- afterClassCarloan -->
        <test-method is-config="true" signature="AfterTestCarLoan()[pri:0, instance:carLoanTest@475e586c]" started-at="2020-12-23T17:11:43 IST" name="AfterTestCarLoan" finished-at="2020-12-23T17:11:43 IST" duration-ms="0" status="PASS">
          <reporter-output>
          </reporter-output>
        </test-method> <!-- AfterTestCarLoan -->
      </class> <!-- carLoanTest -->
      <class name="homeLoanTest">
        <test-method is-config="true" signature="beforeTestHomeLoan()[pri:0, instance:homeLoanTest@657c8ad9]" started-at="2020-12-23T17:11:43 IST" name="beforeTestHomeLoan" finished-at="2020-12-23T17:11:43 IST" duration-ms="0" status="PASS">
          <reporter-output>
          </reporter-output>
        </test-method> <!-- beforeTestHomeLoan -->
        <test-method is-config="true" signature="beforeClassHomeloan()[pri:0, instance:homeLoanTest@657c8ad9]" started-at="2020-12-23T17:11:43 IST" name="beforeClassHomeloan" finished-at="2020-12-23T17:11:43 IST" duration-ms="0" status="PASS">
          <reporter-output>
          </reporter-output>
        </test-method> <!-- beforeClassHomeloan -->
        <test-method is-config="true" signature="beforeMethod()[pri:0, instance:homeLoanTest@657c8ad9]" started-at="2020-12-23T17:11:43 IST" name="beforeMethod" finished-at="2020-12-23T17:11:43 IST" duration-ms="0" status="PASS">
          <reporter-output>
          </reporter-output>
        </test-method> <!-- beforeMethod -->
        <test-method signature="HomeFailedTest()[pri:0, instance:homeLoanTest@657c8ad9]" started-at="2020-12-23T17:11:43 IST" name="HomeFailedTest" finished-at="2020-12-23T17:11:43 IST" duration-ms="1" status="FAIL">
          <exception class="java.lang.AssertionError">
            <message>
              <![CDATA[expected [true] but found [false]]]>
            </message>
            <full-stacktrace>
              <![CDATA[java.lang.AssertionError: expected [true] but found [false]
at org.testng.Assert.fail(Assert.java:97)
at org.testng.Assert.failNotEquals(Assert.java:969)
at org.testng.Assert.assertTrue(Assert.java:43)
at org.testng.Assert.assertTrue(Assert.java:53)
at homeLoanTest.HomeFailedTest(homeLoanTest.java:124)
at java.base/jdk.internal.reflect.NativeMethodAccessorImpl.invoke0(Native Method)
at java.base/jdk.internal.reflect.NativeMethodAccessorImpl.invoke(NativeMethodAccessorImpl.java:64)
at java.base/jdk.internal.reflect.DelegatingMethodAccessorImpl.invoke(DelegatingMethodAccessorImpl.java:43)
at java.base/java.lang.reflect.Method.invoke(Method.java:564)
at org.testng.internal.MethodInvocationHelper.invokeMethod(MethodInvocationHelper.java:134)
at org.testng.internal.TestInvoker.invokeMethod(TestInvoker.java:597)
at org.testng.internal.TestInvoker.invokeTestMethod(TestInvoker.java:173)
at org.testng.internal.MethodRunner.runInSequence(MethodRunner.java:46)
at org.testng.internal.TestInvoker$MethodInvocationAgent.invoke(TestInvoker.java:816)
at org.testng.internal.TestInvoker.invokeTestMethods(TestInvoker.java:146)
at org.testng.internal.TestMethodWorker.invokeTestMethods(TestMethodWorker.java:146)
at org.testng.internal.TestMethodWorker.run(TestMethodWorker.java:128)
at java.base/java.util.ArrayList.forEach(ArrayList.java:1511)
at org.testng.TestRunner.privateRun(TestRunner.java:766)
at org.testng.TestRunner.run(TestRunner.java:587)
at org.testng.SuiteRunner.runTest(SuiteRunner.java:384)
at org.testng.SuiteRunner.runSequentially(SuiteRunner.java:378)
at org.testng.SuiteRunner.privateRun(SuiteRunner.java:337)
at org.testng.SuiteRunner.run(SuiteRunner.java:286)
at org.testng.SuiteRunnerWorker.runSuite(SuiteRunnerWorker.java:53)
at org.testng.SuiteRunnerWorker.run(SuiteRunnerWorker.java:96)
at org.testng.TestNG.runSuitesSequentially(TestNG.java:1187)
at org.testng.TestNG.runSuitesLocally(TestNG.java:1109)
at org.testng.TestNG.runSuites(TestNG.java:1039)
at org.testng.TestNG.run(TestNG.java:1007)
at org.apache.maven.surefire.testng.TestNGExecutor.run(TestNGExecutor.java:284)
at org.apache.maven.surefire.testng.TestNGXmlTestSuite.execute(TestNGXmlTestSuite.java:75)
at org.apache.maven.surefire.testng.TestNGProvider.invoke(TestNGProvider.java:119)
at org.apache.maven.surefire.booter.ForkedBooter.runSuitesInProcess(ForkedBooter.java:428)
at org.apache.maven.surefire.booter.ForkedBooter.execute(ForkedBooter.java:162)
at org.apache.maven.surefire.booter.ForkedBooter.run(ForkedBooter.java:562)
at org.apache.maven.surefire.booter.ForkedBooter.main(ForkedBooter.java:548)
]]>
            </full-stacktrace>
          </exception> <!-- java.lang.AssertionError -->
          <reporter-output>
          </reporter-output>
        </test-method> <!-- HomeFailedTest -->
        <test-method is-config="true" signature="afterMethod()[pri:0, instance:homeLoanTest@657c8ad9]" started-at="2020-12-23T17:11:43 IST" name="afterMethod" finished-at="2020-12-23T17:11:43 IST" duration-ms="0" status="PASS">
          <reporter-output>
          </reporter-output>
        </test-method> <!-- afterMethod -->
        <test-method is-config="true" signature="beforeMethod()[pri:0, instance:homeLoanTest@657c8ad9]" started-at="2020-12-23T17:11:43 IST" name="beforeMethod" finished-at="2020-12-23T17:11:43 IST" duration-ms="0" status="PASS">
          <reporter-output>
          </reporter-output>
        </test-method> <!-- beforeMethod -->
        <test-method signature="HomeLoanLogin(java.lang.String, java.lang.String)[pri:0, instance:homeLoanTest@657c8ad9]" started-at="2020-12-23T17:11:43 IST" name="HomeLoanLogin" data-provider="getData" finished-at="2020-12-23T17:11:43 IST" duration-ms="0" status="PASS">
          <params>
            <param index="0">
              <value>
                <![CDATA[firstusername]]>
              </value>
            </param>
            <param index="1">
              <value>
                <![CDATA[firstuserpassword]]>
              </value>
            </param>
          </params>
          <reporter-output>
          </reporter-output>
        </test-method> <!-- HomeLoanLogin -->
        <test-method is-config="true" signature="afterMethod()[pri:0, instance:homeLoanTest@657c8ad9]" started-at="2020-12-23T17:11:43 IST" name="afterMethod" finished-at="2020-12-23T17:11:43 IST" duration-ms="0" status="PASS">
          <reporter-output>
          </reporter-output>
        </test-method> <!-- afterMethod -->
        <test-method is-config="true" signature="beforeMethod()[pri:0, instance:homeLoanTest@657c8ad9]" started-at="2020-12-23T17:11:43 IST" name="beforeMethod" finished-at="2020-12-23T17:11:43 IST" duration-ms="0" status="PASS">
          <reporter-output>
          </reporter-output>
        </test-method> <!-- beforeMethod -->
        <test-method signature="HomeLoanLogin(java.lang.String, java.lang.String)[pri:0, instance:homeLoanTest@657c8ad9]" started-at="2020-12-23T17:11:43 IST" name="HomeLoanLogin" data-provider="getData" finished-at="2020-12-23T17:11:43 IST" duration-ms="0" status="PASS">
          <params>
            <param index="0">
              <value>
                <![CDATA[secondusername]]>
              </value>
            </param>
            <param index="1">
              <value>
                <![CDATA[seconduserpassword]]>
              </value>
            </param>
          </params>
          <reporter-output>
          </reporter-output>
        </test-method> <!-- HomeLoanLogin -->
        <test-method is-config="true" signature="afterMethod()[pri:0, instance:homeLoanTest@657c8ad9]" started-at="2020-12-23T17:11:43 IST" name="afterMethod" finished-at="2020-12-23T17:11:43 IST" duration-ms="0" status="PASS">
          <reporter-output>
          </reporter-output>
        </test-method> <!-- afterMethod -->
        <test-method is-config="true" signature="beforeMethod()[pri:0, instance:homeLoanTest@657c8ad9]" started-at="2020-12-23T17:11:43 IST" name="beforeMethod" finished-at="2020-12-23T17:11:43 IST" duration-ms="0" status="PASS">
          <reporter-output>
          </reporter-output>
        </test-method> <!-- beforeMethod -->
        <test-method signature="HomeLoanLogin(java.lang.String, java.lang.String)[pri:0, instance:homeLoanTest@657c8ad9]" started-at="2020-12-23T17:11:43 IST" name="HomeLoanLogin" data-provider="getData" finished-at="2020-12-23T17:11:43 IST" duration-ms="0" status="PASS">
          <params>
            <param index="0">
              <value>
                <![CDATA[thirdusername]]>
              </value>
            </param>
            <param index="1">
              <value>
                <![CDATA[thirduserpassword]]>
              </value>
            </param>
          </params>
          <reporter-output>
          </reporter-output>
        </test-method> <!-- HomeLoanLogin -->
        <test-method is-config="true" signature="afterMethod()[pri:0, instance:homeLoanTest@657c8ad9]" started-at="2020-12-23T17:11:43 IST" name="afterMethod" finished-at="2020-12-23T17:11:43 IST" duration-ms="1" status="PASS">
          <reporter-output>
          </reporter-output>
        </test-method> <!-- afterMethod -->
        <test-method is-config="true" signature="beforeMethod()[pri:0, instance:homeLoanTest@657c8ad9]" started-at="2020-12-23T17:11:43 IST" name="beforeMethod" finished-at="2020-12-23T17:11:43 IST" duration-ms="0" status="PASS">
          <reporter-output>
          </reporter-output>
        </test-method> <!-- beforeMethod -->
        <test-method signature="parameterHome(java.lang.String)[pri:0, instance:homeLoanTest@657c8ad9]" started-at="2020-12-23T17:11:43 IST" name="parameterHome" finished-at="2020-12-23T17:11:43 IST" duration-ms="1" status="PASS">
          <params>
            <param index="0">
              <value>
                <![CDATA[Loan parameter]]>
              </value>
            </param>
          </params>
          <reporter-output>
          </reporter-output>
        </test-method> <!-- parameterHome -->
        <test-method is-config="true" signature="afterMethod()[pri:0, instance:homeLoanTest@657c8ad9]" started-at="2020-12-23T17:11:43 IST" name="afterMethod" finished-at="2020-12-23T17:11:43 IST" duration-ms="1" status="PASS">
          <reporter-output>
          </reporter-output>
        </test-method> <!-- afterMethod -->
        <test-method is-config="true" signature="beforeMethod()[pri:0, instance:homeLoanTest@657c8ad9]" started-at="2020-12-23T17:11:43 IST" name="beforeMethod" finished-at="2020-12-23T17:11:43 IST" duration-ms="1" status="PASS">
          <reporter-output>
          </reporter-output>
        </test-method> <!-- beforeMethod -->
        <test-method is-config="true" signature="afterMethod()[pri:0, instance:homeLoanTest@657c8ad9]" started-at="2020-12-23T17:11:43 IST" name="afterMethod" finished-at="2020-12-23T17:11:43 IST" duration-ms="1" status="PASS">
          <reporter-output>
          </reporter-output>
        </test-method> <!-- afterMethod -->
        <test-method signature="HomeLoanView()[pri:0, instance:homeLoanTest@657c8ad9]" started-at="2020-12-23T17:11:43 IST" name="HomeLoanView" finished-at="2020-12-23T17:11:43 IST" depends-on-methods="homeLoanTest.HomeLoanLogin" duration-ms="0" status="PASS">
          <reporter-output>
          </reporter-output>
        </test-method> <!-- HomeLoanView -->
        <test-method signature="HomeLoanSignout()[pri:0, instance:homeLoanTest@657c8ad9]" started-at="2020-12-23T17:11:43 IST" name="HomeLoanSignout" finished-at="2020-12-23T17:11:43 IST" depends-on-methods="homeLoanTest.HomeLoanView" duration-ms="1" status="PASS">
          <reporter-output>
          </reporter-output>
        </test-method> <!-- HomeLoanSignout -->
        <test-method is-config="true" signature="beforeMethod()[pri:0, instance:homeLoanTest@657c8ad9]" started-at="2020-12-23T17:11:43 IST" name="beforeMethod" finished-at="2020-12-23T17:11:43 IST" duration-ms="0" status="PASS">
          <reporter-output>
          </reporter-output>
        </test-method> <!-- beforeMethod -->
        <test-method is-config="true" signature="afterMethod()[pri:0, instance:homeLoanTest@657c8ad9]" started-at="2020-12-23T17:11:43 IST" name="afterMethod" finished-at="2020-12-23T17:11:43 IST" duration-ms="0" status="PASS">
          <reporter-output>
          </reporter-output>
        </test-method> <!-- afterMethod -->
        <test-method is-config="true" signature="AfterTestHomeLoan()[pri:0, instance:homeLoanTest@657c8ad9]" started-at="2020-12-23T17:11:43 IST" name="AfterTestHomeLoan" finished-at="2020-12-23T17:11:43 IST" duration-ms="1" status="PASS">
          <reporter-output>
          </reporter-output>
        </test-method> <!-- AfterTestHomeLoan -->
        <test-method is-config="true" signature="afterClassHomeloan()[pri:0, instance:homeLoanTest@657c8ad9]" started-at="2020-12-23T17:11:43 IST" name="afterClassHomeloan" finished-at="2020-12-23T17:11:43 IST" duration-ms="0" status="PASS">
          <reporter-output>
          </reporter-output>
        </test-method> <!-- afterClassHomeloan -->
      </class> <!-- homeLoanTest -->
      <class name="personalLoanTest">
        <test-method is-config="true" signature="beforeSuiteLoan()[pri:0, instance:personalLoanTest@6295d394]" started-at="2020-12-23T17:11:43 IST" name="beforeSuiteLoan" finished-at="2020-12-23T17:11:43 IST" duration-ms="15" status="PASS">
          <reporter-output>
          </reporter-output>
        </test-method> <!-- beforeSuiteLoan -->
        <test-method is-config="true" signature="beforeTestPersonalLoan()[pri:0, instance:personalLoanTest@6295d394]" started-at="2020-12-23T17:11:43 IST" name="beforeTestPersonalLoan" finished-at="2020-12-23T17:11:43 IST" duration-ms="0" status="PASS">
          <reporter-output>
          </reporter-output>
        </test-method> <!-- beforeTestPersonalLoan -->
        <test-method is-config="true" signature="beforeClassPersonalloan()[pri:0, instance:personalLoanTest@6295d394]" started-at="2020-12-23T17:11:43 IST" name="beforeClassPersonalloan" finished-at="2020-12-23T17:11:43 IST" duration-ms="0" status="PASS">
          <reporter-output>
          </reporter-output>
        </test-method> <!-- beforeClassPersonalloan -->
        <test-method signature="PersonalLoanLogin(java.lang.String, java.lang.String)[pri:0, instance:personalLoanTest@6295d394]" started-at="2020-12-23T17:11:43 IST" name="PersonalLoanLogin" data-provider="getData" finished-at="2020-12-23T17:11:43 IST" duration-ms="1" status="PASS">
          <params>
            <param index="0">
              <value>
                <![CDATA[firstusername]]>
              </value>
            </param>
            <param index="1">
              <value>
                <![CDATA[firstuserpassword]]>
              </value>
            </param>
          </params>
          <reporter-output>
          </reporter-output>
        </test-method> <!-- PersonalLoanLogin -->
        <test-method is-config="true" signature="beforeMethod()[pri:0, instance:personalLoanTest@6295d394]" started-at="2020-12-23T17:11:43 IST" name="beforeMethod" finished-at="2020-12-23T17:11:43 IST" duration-ms="0" status="PASS">
          <reporter-output>
          </reporter-output>
        </test-method> <!-- beforeMethod -->
        <test-method is-config="true" signature="afterMethod()[pri:0, instance:personalLoanTest@6295d394]" started-at="2020-12-23T17:11:43 IST" name="afterMethod" finished-at="2020-12-23T17:11:43 IST" duration-ms="1" status="PASS">
          <reporter-output>
          </reporter-output>
        </test-method> <!-- afterMethod -->
        <test-method is-config="true" signature="beforeMethod()[pri:0, instance:personalLoanTest@6295d394]" started-at="2020-12-23T17:11:43 IST" name="beforeMethod" finished-at="2020-12-23T17:11:43 IST" duration-ms="0" status="PASS">
          <reporter-output>
          </reporter-output>
        </test-method> <!-- beforeMethod -->
        <test-method signature="PersonalLoanLogin(java.lang.String, java.lang.String)[pri:0, instance:personalLoanTest@6295d394]" started-at="2020-12-23T17:11:43 IST" name="PersonalLoanLogin" data-provider="getData" finished-at="2020-12-23T17:11:43 IST" duration-ms="0" status="PASS">
          <params>
            <param index="0">
              <value>
                <![CDATA[secondusername]]>
              </value>
            </param>
            <param index="1">
              <value>
                <![CDATA[seconduserpassword]]>
              </value>
            </param>
          </params>
          <reporter-output>
          </reporter-output>
        </test-method> <!-- PersonalLoanLogin -->
        <test-method is-config="true" signature="afterMethod()[pri:0, instance:personalLoanTest@6295d394]" started-at="2020-12-23T17:11:43 IST" name="afterMethod" finished-at="2020-12-23T17:11:43 IST" duration-ms="1" status="PASS">
          <reporter-output>
          </reporter-output>
        </test-method> <!-- afterMethod -->
        <test-method is-config="true" signature="beforeMethod()[pri:0, instance:personalLoanTest@6295d394]" started-at="2020-12-23T17:11:43 IST" name="beforeMethod" finished-at="2020-12-23T17:11:43 IST" duration-ms="1" status="PASS">
          <reporter-output>
          </reporter-output>
        </test-method> <!-- beforeMethod -->
        <test-method signature="PersonalLoanLogin(java.lang.String, java.lang.String)[pri:0, instance:personalLoanTest@6295d394]" started-at="2020-12-23T17:11:43 IST" name="PersonalLoanLogin" data-provider="getData" finished-at="2020-12-23T17:11:43 IST" duration-ms="8" status="PASS">
          <params>
            <param index="0">
              <value>
                <![CDATA[thirdusername]]>
              </value>
            </param>
            <param index="1">
              <value>
                <![CDATA[thirduserpassword]]>
              </value>
            </param>
          </params>
          <reporter-output>
          </reporter-output>
        </test-method> <!-- PersonalLoanLogin -->
        <test-method is-config="true" signature="afterMethod()[pri:0, instance:personalLoanTest@6295d394]" started-at="2020-12-23T17:11:43 IST" name="afterMethod" finished-at="2020-12-23T17:11:43 IST" duration-ms="2" status="PASS">
          <reporter-output>
          </reporter-output>
        </test-method> <!-- afterMethod -->
        <test-method is-config="true" signature="beforeMethod()[pri:0, instance:personalLoanTest@6295d394]" started-at="2020-12-23T17:11:43 IST" name="beforeMethod" finished-at="2020-12-23T17:11:43 IST" duration-ms="0" status="PASS">
          <reporter-output>
          </reporter-output>
        </test-method> <!-- beforeMethod -->
        <test-method signature="parameterPersonal(java.lang.String)[pri:0, instance:personalLoanTest@6295d394]" started-at="2020-12-23T17:11:43 IST" name="parameterPersonal" finished-at="2020-12-23T17:11:43 IST" duration-ms="3" status="PASS">
          <params>
            <param index="0">
              <value>
                <![CDATA[Loan parameter]]>
              </value>
            </param>
          </params>
          <reporter-output>
          </reporter-output>
        </test-method> <!-- parameterPersonal -->
        <test-method is-config="true" signature="afterMethod()[pri:0, instance:personalLoanTest@6295d394]" started-at="2020-12-23T17:11:43 IST" name="afterMethod" finished-at="2020-12-23T17:11:43 IST" duration-ms="1" status="PASS">
          <reporter-output>
          </reporter-output>
        </test-method> <!-- afterMethod -->
        <test-method is-config="true" signature="beforeMethod()[pri:0, instance:personalLoanTest@6295d394]" started-at="2020-12-23T17:11:43 IST" name="beforeMethod" finished-at="2020-12-23T17:11:43 IST" duration-ms="1" status="PASS">
          <reporter-output>
          </reporter-output>
        </test-method> <!-- beforeMethod -->
        <test-method signature="personalFailedTest()[pri:0, instance:personalLoanTest@6295d394]" started-at="2020-12-23T17:11:43 IST" name="personalFailedTest" finished-at="2020-12-23T17:11:43 IST" duration-ms="0" status="FAIL">
          <exception class="java.lang.AssertionError">
            <message>
              <![CDATA[expected [true] but found [false]]]>
            </message>
            <full-stacktrace>
              <![CDATA[java.lang.AssertionError: expected [true] but found [false]
at org.testng.Assert.fail(Assert.java:97)
at org.testng.Assert.failNotEquals(Assert.java:969)
at org.testng.Assert.assertTrue(Assert.java:43)
at org.testng.Assert.assertTrue(Assert.java:53)
at personalLoanTest.personalFailedTest(personalLoanTest.java:127)
at java.base/jdk.internal.reflect.NativeMethodAccessorImpl.invoke0(Native Method)
at java.base/jdk.internal.reflect.NativeMethodAccessorImpl.invoke(NativeMethodAccessorImpl.java:64)
at java.base/jdk.internal.reflect.DelegatingMethodAccessorImpl.invoke(DelegatingMethodAccessorImpl.java:43)
at java.base/java.lang.reflect.Method.invoke(Method.java:564)
at org.testng.internal.MethodInvocationHelper.invokeMethod(MethodInvocationHelper.java:134)
at org.testng.internal.TestInvoker.invokeMethod(TestInvoker.java:597)
at org.testng.internal.TestInvoker.invokeTestMethod(TestInvoker.java:173)
at org.testng.internal.MethodRunner.runInSequence(MethodRunner.java:46)
at org.testng.internal.TestInvoker$MethodInvocationAgent.invoke(TestInvoker.java:816)
at org.testng.internal.TestInvoker.invokeTestMethods(TestInvoker.java:146)
at org.testng.internal.TestMethodWorker.invokeTestMethods(TestMethodWorker.java:146)
at org.testng.internal.TestMethodWorker.run(TestMethodWorker.java:128)
at java.base/java.util.ArrayList.forEach(ArrayList.java:1511)
at org.testng.TestRunner.privateRun(TestRunner.java:766)
at org.testng.TestRunner.run(TestRunner.java:587)
at org.testng.SuiteRunner.runTest(SuiteRunner.java:384)
at org.testng.SuiteRunner.runSequentially(SuiteRunner.java:378)
at org.testng.SuiteRunner.privateRun(SuiteRunner.java:337)
at org.testng.SuiteRunner.run(SuiteRunner.java:286)
at org.testng.SuiteRunnerWorker.runSuite(SuiteRunnerWorker.java:53)
at org.testng.SuiteRunnerWorker.run(SuiteRunnerWorker.java:96)
at org.testng.TestNG.runSuitesSequentially(TestNG.java:1187)
at org.testng.TestNG.runSuitesLocally(TestNG.java:1109)
at org.testng.TestNG.runSuites(TestNG.java:1039)
at org.testng.TestNG.run(TestNG.java:1007)
at org.apache.maven.surefire.testng.TestNGExecutor.run(TestNGExecutor.java:284)
at org.apache.maven.surefire.testng.TestNGXmlTestSuite.execute(TestNGXmlTestSuite.java:75)
at org.apache.maven.surefire.testng.TestNGProvider.invoke(TestNGProvider.java:119)
at org.apache.maven.surefire.booter.ForkedBooter.runSuitesInProcess(ForkedBooter.java:428)
at org.apache.maven.surefire.booter.ForkedBooter.execute(ForkedBooter.java:162)
at org.apache.maven.surefire.booter.ForkedBooter.run(ForkedBooter.java:562)
at org.apache.maven.surefire.booter.ForkedBooter.main(ForkedBooter.java:548)
]]>
            </full-stacktrace>
          </exception> <!-- java.lang.AssertionError -->
          <reporter-output>
          </reporter-output>
        </test-method> <!-- personalFailedTest -->
        <test-method is-config="true" signature="afterMethod()[pri:0, instance:personalLoanTest@6295d394]" started-at="2020-12-23T17:11:43 IST" name="afterMethod" finished-at="2020-12-23T17:11:43 IST" duration-ms="0" status="PASS">
          <reporter-output>
          </reporter-output>
        </test-method> <!-- afterMethod -->
        <test-method is-config="true" signature="beforeMethod()[pri:0, instance:personalLoanTest@6295d394]" started-at="2020-12-23T17:11:43 IST" name="beforeMethod" finished-at="2020-12-23T17:11:43 IST" duration-ms="3" status="PASS">
          <reporter-output>
          </reporter-output>
        </test-method> <!-- beforeMethod -->
        <test-method signature="PersonalLoanView()[pri:0, instance:personalLoanTest@6295d394]" started-at="2020-12-23T17:11:43 IST" name="PersonalLoanView" finished-at="2020-12-23T17:11:43 IST" depends-on-methods="personalLoanTest.PersonalLoanLogin" duration-ms="0" status="PASS">
          <reporter-output>
          </reporter-output>
        </test-method> <!-- PersonalLoanView -->
        <test-method is-config="true" signature="afterMethod()[pri:0, instance:personalLoanTest@6295d394]" started-at="2020-12-23T17:11:43 IST" name="afterMethod" finished-at="2020-12-23T17:11:43 IST" duration-ms="0" status="PASS">
          <reporter-output>
          </reporter-output>
        </test-method> <!-- afterMethod -->
        <test-method is-config="true" signature="beforeMethod()[pri:0, instance:personalLoanTest@6295d394]" started-at="2020-12-23T17:11:43 IST" name="beforeMethod" finished-at="2020-12-23T17:11:43 IST" duration-ms="1" status="PASS">
          <reporter-output>
          </reporter-output>
        </test-method> <!-- beforeMethod -->
        <test-method signature="PersonalLoanSignout()[pri:0, instance:personalLoanTest@6295d394]" started-at="2020-12-23T17:11:43 IST" name="PersonalLoanSignout" finished-at="2020-12-23T17:11:43 IST" depends-on-methods="personalLoanTest.PersonalLoanView" duration-ms="1" status="PASS">
          <reporter-output>
          </reporter-output>
        </test-method> <!-- PersonalLoanSignout -->
        <test-method is-config="true" signature="afterMethod()[pri:0, instance:personalLoanTest@6295d394]" started-at="2020-12-23T17:11:43 IST" name="afterMethod" finished-at="2020-12-23T17:11:43 IST" duration-ms="1" status="PASS">
          <reporter-output>
          </reporter-output>
        </test-method> <!-- afterMethod -->
        <test-method is-config="true" signature="afterClassPersonalloan()[pri:0, instance:personalLoanTest@6295d394]" started-at="2020-12-23T17:11:43 IST" name="afterClassPersonalloan" finished-at="2020-12-23T17:11:43 IST" duration-ms="0" status="PASS">
          <reporter-output>
          </reporter-output>
        </test-method> <!-- afterClassPersonalloan -->
        <test-method is-config="true" signature="AfterTestPersonalLoan()[pri:0, instance:personalLoanTest@6295d394]" started-at="2020-12-23T17:11:43 IST" name="AfterTestPersonalLoan" finished-at="2020-12-23T17:11:43 IST" duration-ms="0" status="PASS">
          <reporter-output>
          </reporter-output>
        </test-method> <!-- AfterTestPersonalLoan -->
        <test-method is-config="true" signature="afterSuiteLoan()[pri:0, instance:personalLoanTest@6295d394]" started-at="2020-12-23T17:11:43 IST" name="afterSuiteLoan" finished-at="2020-12-23T17:11:43 IST" duration-ms="0" status="PASS">
          <reporter-output>
          </reporter-output>
        </test-method> <!-- afterSuiteLoan -->
      </class> <!-- personalLoanTest -->
    </test> <!-- Test -->
  </suite> <!-- Suite -->
</testng-results>
