<?xml version="1.0" encoding="UTF-8"?>
<testsuite xmlns:xsi="http://www.w3.org/2001/XMLSchema-instance" xsi:noNamespaceSchemaLocation="https://maven.apache.org/surefire/maven-surefire-plugin/xsd/surefire-test-report-3.0.xsd" version="3.0" name="carLoanTest" time="1.02" tests="7" errors="0" skipped="0" failures="2">
  <properties>
[...]
</properties>
  <testcase name="carFailedTest" classname="carLoanTest" time="0.015">
    <failure message="expected [true] but found [false]" type="java.lang.AssertionError"><![CDATA[java.lang.AssertionError: expected [true] but found [false]
	at carLoanTest.carFailedTest(carLoanTest.java:126)
]]></failure>
    <system-out><![CDATA[Before Test Car Loan Execute
Before Car loan class
Before Each Test/Method Car Loan Execute
]]></system-out>
  </testcase>
  <testcase name="carLoanLogin[firstusername, firstuserpassword](1)" classname="carLoanTest" time="0.02">
    <system-out><![CDATA[After Each Test/Method Car Loan Execute
Before Each Test/Method Car Loan Execute
Car Loan Login
firstusername
firstuserpassword
]]></system-out>
  </testcase>
  <testcase name="carLoanLogin[secondusername, seconduserpassword](2)" classname="carLoanTest" time="0.006">
    <system-out><![CDATA[After Each Test/Method Car Loan Execute
Before Each Test/Method Car Loan Execute
Car Loan Login
secondusername
seconduserpassword
]]></system-out>
  </testcase>
  <testcase name="carLoanLogin[thirdusername, thirduserpassword](3)" classname="carLoanTest" time="0.007">
    <system-out><![CDATA[After Each Test/Method Car Loan Execute
Before Each Test/Method Car Loan Execute
Car Loan Login
thirdusername
thirduserpassword
]]></system-out>
  </testcase>
  <testcase name="parameterCar" classname="carLoanTest" time="0.494">
    <failure message="&#10;Parameter &apos;parametername&apos; is required by @Test on method parameterCar but has not been marked @Optional or defined&#10;" type="org.testng.TestNGException"><![CDATA[org.testng.TestNGException: 

Parameter 'parametername' is required by @Test on method parameterCar but has not been marked @Optional or defined

]]></failure>
    <system-out><![CDATA[After Each Test/Method Car Loan Execute
]]></system-out>
    <system-err><![CDATA[[Utils] [ERROR] [Error] org.testng.TestNGException: 
Parameter &apos;parametername&apos; is required by @Test on method parameterCar but has not been marked @Optional or defined

	at org.testng.internal.Parameters.createParams(Parameters.java:272)
	at org.testng.internal.Parameters.createParametersForMethod(Parameters.java:360)
	at org.testng.internal.Parameters.createParameters(Parameters.java:704)
	at org.testng.internal.Parameters.handleParameters(Parameters.java:879)
	at org.testng.internal.Parameters.handleParameters(Parameters.java:744)
	at org.testng.internal.ParameterHandler.handleParameters(ParameterHandler.java:59)
	at org.testng.internal.ParameterHandler.createParameters(ParameterHandler.java:38)
	at org.testng.internal.TestInvoker$MethodInvocationAgent.invoke(TestInvoker.java:783)
	at org.testng.internal.TestInvoker.invokeTestMethods(TestInvoker.java:146)
	at org.testng.internal.TestMethodWorker.invokeTestMethods(TestMethodWorker.java:146)
	at org.testng.internal.TestMethodWorker.run(TestMethodWorker.java:128)
	at java.base/java.util.ArrayList.forEach(ArrayList.java:1511)
	at org.testng.TestRunner.privateRun(TestRunner.java:766)
	at org.testng.TestRunner.run(TestRunner.java:587)
	at org.testng.SuiteRunner.runTest(SuiteRunner.java:384)
	at org.testng.SuiteRunner.runSequentially(SuiteRunner.java:378)
	at org.testng.SuiteRunner.privateRun(SuiteRunner.java:337)
	at org.testng.SuiteRunner.run(SuiteRunner.java:286)
	at org.testng.SuiteRunnerWorker.runSuite(SuiteRunnerWorker.java:53)
	at org.testng.SuiteRunnerWorker.run(SuiteRunnerWorker.java:96)
	at org.testng.TestNG.runSuitesSequentially(TestNG.java:1187)
	at org.testng.TestNG.runSuitesLocally(TestNG.java:1109)
	at org.testng.TestNG.runSuites(TestNG.java:1039)
	at org.testng.TestNG.run(TestNG.java:1007)
	at org.apache.maven.surefire.testng.TestNGExecutor.run(TestNGExecutor.java:136)
	at org.apache.maven.surefire.testng.TestNGDirectoryTestSuite.executeSingleClass(TestNGDirectoryTestSuite.java:112)
	at org.apache.maven.surefire.testng.TestNGDirectoryTestSuite.execute(TestNGDirectoryTestSuite.java:99)
	at org.apache.maven.surefire.testng.TestNGProvider.invoke(TestNGProvider.java:145)
	at org.apache.maven.surefire.booter.ForkedBooter.runSuitesInProcess(ForkedBooter.java:428)
	at org.apache.maven.surefire.booter.ForkedBooter.execute(ForkedBooter.java:162)
	at org.apache.maven.surefire.booter.ForkedBooter.run(ForkedBooter.java:562)
	at org.apache.maven.surefire.booter.ForkedBooter.main(ForkedBooter.java:548)

]]></system-err>
  </testcase>
  <testcase name="carLoanView" classname="carLoanTest" time="0.001">
    <system-out><![CDATA[Before Each Test/Method Car Loan Execute
Car Loan View
]]></system-out>
  </testcase>
  <testcase name="carLoanSignout" classname="carLoanTest" time="0.002">
    <system-out><![CDATA[After Each Test/Method Car Loan Execute
Before Each Test/Method Car Loan Execute
Car Loan Signout
]]></system-out>
  </testcase>
</testsuite>