<?xml version="1.0" encoding="UTF-8"?>
<testng-results skipped="0" failed="0" ignored="0" total="1" passed="1">
  <reporter-output>
  </reporter-output>
  <suite name="All Test Suite" duration-ms="43073" started-at="2021-01-21T23:35:52 IST" finished-at="2021-01-21T23:36:36 IST">
    <groups>
    </groups>
    <test name="C:/Users/aarus/swipingapidemo" duration-ms="43073" started-at="2021-01-21T23:35:52 IST" finished-at="2021-01-21T23:36:36 IST">
      <class name="slideTest">
        <test-method status="PASS" signature="firsttest(java.lang.String, java.lang.String)[pri:0, instance:slideTest@eec5a4a]" name="firsttest" duration-ms="41428" started-at="2021-01-21T23:35:53 IST" data-provider="normal" finished-at="2021-01-21T23:36:34 IST">
          <params>
            <param index="0">
              <value>
                <![CDATA[Aarush is best]]>
              </value>
            </param>
            <param index="1">
              <value>
                <![CDATA[Goel is best]]>
              </value>
            </param>
          </params>
          <reporter-output>
          </reporter-output>
        </test-method> <!-- firsttest -->
      </class> <!-- slideTest -->
    </test> <!-- C:/Users/aarus/swipingapidemo -->
  </suite> <!-- All Test Suite -->
</testng-results>
